../../ServerBin\GameServer.ilk
../../ServerBin\GameServer.pdb
E:\GitHub\TaxPoker\Server\GameServer\../../ServerBin\GameServer.exe
E:\GITHUB\TAXPOKER\SERVER\GAMESERVER\DEBUG\BACCARATPEER.OBJ
E:\GITHUB\TAXPOKER\SERVER\GAMESERVER\DEBUG\BACCARATROOM.OBJ
E:\GITHUB\TAXPOKER\SERVER\GAMESERVER\DEBUG\BOXCONFIG.OBJ
E:\GITHUB\TAXPOKER\SERVER\GAMESERVER\DEBUG\BROCASTER.OBJ
E:\GITHUB\TAXPOKER\SERVER\GAMESERVER\DEBUG\CARDPOKER.OBJ
E:\GitHub\TaxPoker\Server\GameServer\Debug\cl.command.1.tlog
E:\GitHub\TaxPoker\Server\GameServer\Debug\CL.read.1.tlog
E:\GitHub\TaxPoker\Server\GameServer\Debug\CL.write.1.tlog
E:\GITHUB\TAXPOKER\SERVER\GAMESERVER\DEBUG\CONFIGMANAGER.OBJ
E:\GITHUB\TAXPOKER\SERVER\GAMESERVER\DEBUG\CONFIGREADER.OBJ
E:\GITHUB\TAXPOKER\SERVER\GAMESERVER\DEBUG\CONTINUELOGINCONFIG.OBJ
E:\GITHUB\TAXPOKER\SERVER\GAMESERVER\DEBUG\EVENTCENTER.OBJ
E:\GITHUB\TAXPOKER\SERVER\GAMESERVER\DEBUG\GAMERANK.OBJ
E:\GITHUB\TAXPOKER\SERVER\GAMESERVER\DEBUG\GAMESERVER.EXE.EMBED.MANIFEST
E:\GITHUB\TAXPOKER\SERVER\GAMESERVER\DEBUG\GAMESERVER.EXE.EMBED.MANIFEST.RES
E:\GITHUB\TAXPOKER\SERVER\GAMESERVER\DEBUG\GAMESERVER.EXE.INTERMEDIATE.MANIFEST
E:\GitHub\TaxPoker\Server\GameServer\Debug\GameServer_manifest.rc
E:\GITHUB\TAXPOKER\SERVER\GAMESERVER\DEBUG\GAMESERVERAPP.OBJ
E:\GITHUB\TAXPOKER\SERVER\GAMESERVER\DEBUG\ICONFIGFILE.OBJ
E:\GITHUB\TAXPOKER\SERVER\GAMESERVER\DEBUG\INFORMCONFIG.OBJ
E:\GITHUB\TAXPOKER\SERVER\GAMESERVER\DEBUG\IPLAYERCOMPONENT.OBJ
E:\GITHUB\TAXPOKER\SERVER\GAMESERVER\DEBUG\ITEMCONFIG.OBJ
E:\GitHub\TaxPoker\Server\GameServer\Debug\link.12364.read.1.tlog
E:\GitHub\TaxPoker\Server\GameServer\Debug\link.12364.write.1.tlog
E:\GitHub\TaxPoker\Server\GameServer\Debug\link.12364-cvtres.read.1.tlog
E:\GitHub\TaxPoker\Server\GameServer\Debug\link.12364-cvtres.write.1.tlog
E:\GitHub\TaxPoker\Server\GameServer\Debug\link.13608.read.1.tlog
E:\GitHub\TaxPoker\Server\GameServer\Debug\link.13608.write.1.tlog
E:\GitHub\TaxPoker\Server\GameServer\Debug\link.13608-cvtres.read.1.tlog
E:\GitHub\TaxPoker\Server\GameServer\Debug\link.13608-cvtres.write.1.tlog
E:\GitHub\TaxPoker\Server\GameServer\Debug\link.14908.read.1.tlog
E:\GitHub\TaxPoker\Server\GameServer\Debug\link.14908.write.1.tlog
E:\GitHub\TaxPoker\Server\GameServer\Debug\link.14908-cvtres.read.1.tlog
E:\GitHub\TaxPoker\Server\GameServer\Debug\link.14908-cvtres.write.1.tlog
E:\GitHub\TaxPoker\Server\GameServer\Debug\link.15896.read.1.tlog
E:\GitHub\TaxPoker\Server\GameServer\Debug\link.15896.write.1.tlog
E:\GitHub\TaxPoker\Server\GameServer\Debug\link.15896-cvtres.read.1.tlog
E:\GitHub\TaxPoker\Server\GameServer\Debug\link.15896-cvtres.write.1.tlog
E:\GitHub\TaxPoker\Server\GameServer\Debug\link.4508.read.1.tlog
E:\GitHub\TaxPoker\Server\GameServer\Debug\link.4508.write.1.tlog
E:\GitHub\TaxPoker\Server\GameServer\Debug\link.4508-cvtres.read.1.tlog
E:\GitHub\TaxPoker\Server\GameServer\Debug\link.4508-cvtres.write.1.tlog
E:\GitHub\TaxPoker\Server\GameServer\Debug\link.8728.read.1.tlog
E:\GitHub\TaxPoker\Server\GameServer\Debug\link.8728.write.1.tlog
E:\GitHub\TaxPoker\Server\GameServer\Debug\link.8728-cvtres.read.1.tlog
E:\GitHub\TaxPoker\Server\GameServer\Debug\link.8728-cvtres.write.1.tlog
E:\GitHub\TaxPoker\Server\GameServer\Debug\link.command.1.tlog
E:\GitHub\TaxPoker\Server\GameServer\Debug\link.read.1.tlog
E:\GitHub\TaxPoker\Server\GameServer\Debug\link.write.1.tlog
E:\GitHub\TaxPoker\Server\GameServer\Debug\link-cvtres.read.1.tlog
E:\GitHub\TaxPoker\Server\GameServer\Debug\link-cvtres.write.1.tlog
E:\GITHUB\TAXPOKER\SERVER\GAMESERVER\DEBUG\LOGMANAGER.OBJ
E:\GITHUB\TAXPOKER\SERVER\GAMESERVER\DEBUG\MAIN.OBJ
E:\GITHUB\TAXPOKER\SERVER\GAMESERVER\DEBUG\MISSIONCONFIG.OBJ
E:\GitHub\TaxPoker\Server\GameServer\Debug\mt.command.1.tlog
E:\GitHub\TaxPoker\Server\GameServer\Debug\mt.read.1.tlog
E:\GitHub\TaxPoker\Server\GameServer\Debug\mt.write.1.tlog
E:\GITHUB\TAXPOKER\SERVER\GAMESERVER\DEBUG\NETWORKMANAGER.OBJ
E:\GITHUB\TAXPOKER\SERVER\GAMESERVER\DEBUG\PAIJIUPEERCARD.OBJ
E:\GITHUB\TAXPOKER\SERVER\GAMESERVER\DEBUG\PEERCARD.OBJ
E:\GITHUB\TAXPOKER\SERVER\GAMESERVER\DEBUG\PLAYER.OBJ
E:\GITHUB\TAXPOKER\SERVER\GAMESERVER\DEBUG\PLAYERBASEDATA.OBJ
E:\GITHUB\TAXPOKER\SERVER\GAMESERVER\DEBUG\PLAYERFRIEND.OBJ
E:\GITHUB\TAXPOKER\SERVER\GAMESERVER\DEBUG\PLAYERITEM.OBJ
E:\GITHUB\TAXPOKER\SERVER\GAMESERVER\DEBUG\PLAYERMAIL.OBJ
E:\GITHUB\TAXPOKER\SERVER\GAMESERVER\DEBUG\PLAYERMANAGER.OBJ
E:\GITHUB\TAXPOKER\SERVER\GAMESERVER\DEBUG\PLAYERMISSION.OBJ
E:\GITHUB\TAXPOKER\SERVER\GAMESERVER\DEBUG\PLAYERONLINEBOX.OBJ
E:\GITHUB\TAXPOKER\SERVER\GAMESERVER\DEBUG\PLAYERSHOP.OBJ
E:\GitHub\TaxPoker\Server\GameServer\Debug\rc.command.1.tlog
E:\GitHub\TaxPoker\Server\GameServer\Debug\rc.read.1.tlog
E:\GitHub\TaxPoker\Server\GameServer\Debug\rc.write.1.tlog
E:\GITHUB\TAXPOKER\SERVER\GAMESERVER\DEBUG\ROBOTMANAGER.OBJ
E:\GITHUB\TAXPOKER\SERVER\GAMESERVER\DEBUG\ROOMBASE.OBJ
E:\GITHUB\TAXPOKER\SERVER\GAMESERVER\DEBUG\ROOMCONFIG.OBJ
E:\GITHUB\TAXPOKER\SERVER\GAMESERVER\DEBUG\ROOMGOLDEN.OBJ
E:\GITHUB\TAXPOKER\SERVER\GAMESERVER\DEBUG\ROOMMANAGER.OBJ
E:\GITHUB\TAXPOKER\SERVER\GAMESERVER\DEBUG\ROOMPAIJIU.OBJ
E:\GITHUB\TAXPOKER\SERVER\GAMESERVER\DEBUG\ROOMPEER.OBJ
E:\GITHUB\TAXPOKER\SERVER\GAMESERVER\DEBUG\ROOMPEERPAIJIU.OBJ
E:\GITHUB\TAXPOKER\SERVER\GAMESERVER\DEBUG\ROOMTEXASPOKER.OBJ
E:\GITHUB\TAXPOKER\SERVER\GAMESERVER\DEBUG\SERVERCONFIG.OBJ
E:\GITHUB\TAXPOKER\SERVER\GAMESERVER\DEBUG\SHOPCONFG.OBJ
E:\GITHUB\TAXPOKER\SERVER\GAMESERVER\DEBUG\SLOTMACHINE.OBJ
E:\GITHUB\TAXPOKER\SERVER\GAMESERVER\DEBUG\TAXASPOKERPEER.OBJ
E:\GITHUB\TAXPOKER\SERVER\GAMESERVER\DEBUG\TAXASPOKERPEERCARD.OBJ
E:\GITHUB\TAXPOKER\SERVER\GAMESERVER\DEBUG\TIMER.OBJ
E:\GITHUB\TAXPOKER\SERVER\GAMESERVER\DEBUG\UTILITY.OBJ
E:\GitHub\TaxPoker\Server\GameServer\Debug\vc100.idb
E:\GITHUB\TAXPOKER\SERVER\GAMESERVER\DEBUG\VC100.PDB
E:\GITHUB\TAXPOKER\SERVERBIN\GAMESERVER.EXE
E:\GITHUB\TAXPOKER\SERVERBIN\GAMESERVER.ILK
E:\GITHUB\TAXPOKER\SERVERBIN\GAMESERVER.PDB
