生成启动时间为 2014/3/3 22:53:47。
     1>项目“E:\GitHub\TaxPoker\Server\GameServer\GameServer.vcxproj”在节点 2 上(build 个目标)。
     1>C:\Program Files\MSBuild\Microsoft.Cpp\v4.0\Microsoft.CppBuild.targets(299,5): warning MSB8004: Output 目录未以斜杠结尾。此生成实例将添加斜杠，因为必须有这个斜杠才能正确计算 Output 目录。
     1>InitializeBuildStatus:
         正在对“Release\GameServer.unsuccessfulbuild”执行 Touch 任务。
       ClCompile:
         C:\Program Files\Microsoft Visual Studio 10.0\VC\bin\CL.exe /c /I../../Common /I../../Common/NetLib /Zi /nologo /W3 /WX- /O2 /Oi /Oy- /GL /D WIN32 /D NDEBUG /D _CONSOLE /D GAME_SERVER /D _UNICODE /D UNICODE /Gm- /EHsc /MD /GS /Gy /fp:precise /Zc:wchar_t /Zc:forScope /Fo"Release\\" /Fd"Release\vc100.pdb" /Gd /TP /analyze- /errorReport:prompt src\RoomManager.cpp
         RoomManager.cpp
     1>e:\github\taxpoker\common\ConfigReader.h : warning C4819: 该文件包含不能在当前代码页(936)中表示的字符。请将该文件保存为 Unicode 格式以防止数据丢失
     1>src\RoomManager.cpp(294): warning C4244: “参数”: 从“unsigned short”转换到“unsigned char”，可能丢失数据
     1>src\RoomManager.cpp(421): warning C4244: “参数”: 从“uint64_t”转换到“const unsigned int”，可能丢失数据
     1>src\RoomManager.cpp(475): warning C4018: “<”: 有符号/无符号不匹配
     1>src\RoomManager.cpp(486): warning C4018: “<”: 有符号/无符号不匹配
       Link:
         C:\Program Files\Microsoft Visual Studio 10.0\VC\bin\link.exe /ERRORREPORT:PROMPT /OUT:"../../ServerRelease\GameServer.exe" /INCREMENTAL:NO /NOLOGO /LIBPATH:../../Lib RakNetDLL.lib kernel32.lib user32.lib gdi32.lib winspool.lib comdlg32.lib advapi32.lib shell32.lib ole32.lib oleaut32.lib uuid.lib odbc32.lib odbccp32.lib /MANIFEST /ManifestFile:"Release\GameServer.exe.intermediate.manifest" /MANIFESTUAC:"level='asInvoker' uiAccess='false'" /DEBUG /PDB:"E:\GitHub\TaxPoker\ServerRelease\GameServer.pdb" /SUBSYSTEM:CONSOLE /OPT:REF /OPT:ICF /LTCG /TLBID:1 /DYNAMICBASE /NXCOMPAT /IMPLIB:"../../ServerRelease\GameServer.lib" /MACHINE:X86 Release\BoxConfig.obj
         Release\CardPoker.obj
         Release\ConfigManager.obj
         Release\ConfigReader.obj
         Release\ContinueLoginConfig.obj
         Release\IConfigFile.obj
         Release\ItemConfig.obj
         Release\LogManager.obj
         Release\MissionConfig.obj
         Release\NetWorkManager.obj
         Release\PeerCard.obj
         Release\RoomConfig.obj
         Release\ServerConfig.obj
         Release\ShopConfg.obj
         Release\TaxasPokerPeerCard.obj
         Release\Timer.obj
         Release\Utility.obj
         Release\Brocaster.obj
         Release\EventCenter.obj
         Release\GameRank.obj
         Release\GameServerApp.obj
         Release\InformConfig.obj
         Release\IPlayerComponent.obj
         Release\main.obj
         Release\Player.obj
         Release\PlayerBaseData.obj
         Release\PlayerFriend.obj
         Release\PlayerItem.obj
         Release\PlayerMail.obj
         Release\PlayerManager.obj
         Release\PlayerMission.obj
         Release\PlayerOnlineBox.obj
         Release\PlayerShop.obj
         Release\RobotManager.obj
         Release\RoomGolden.obj
         Release\RoomBase.obj
         Release\RoomManager.obj
         Release\RoomPeer.obj
         Release\RoomTexasPoker.obj
         Release\SlotMachine.obj
         Release\TaxasPokerPeer.obj
         正在生成代码
         已完成代码的生成
         GameServer.vcxproj -> E:\GitHub\TaxPoker\Server\GameServer\../../ServerRelease\GameServer.exe
       Manifest:
         C:\Program Files\Microsoft SDKs\Windows\v7.0A\bin\mt.exe /nologo /verbose /outputresource:"../../ServerRelease\GameServer.exe;#1" /manifest Release\GameServer.exe.intermediate.manifest
       FinalizeBuildStatus:
         正在删除文件“Release\GameServer.unsuccessfulbuild”。
         正在对“Release\GameServer.lastbuildstate”执行 Touch 任务。
     1>已完成生成项目“E:\GitHub\TaxPoker\Server\GameServer\GameServer.vcxproj”(build 个目标)的操作。

生成成功。

已用时间 00:00:08.27
