生成启动时间为 2014/7/18 10:43:46。
     1>项目“D:\NewProject\Server\PushNotificationServer\PushNotificationServer.vcxproj”在节点 3 上(rebuild 个目标)。
     1>_PrepareForClean:
         正在删除文件“Debug\PushNotificationServer.lastbuildstate”。
     1>C:\Program Files\MSBuild\Microsoft.Cpp\v4.0\Microsoft.CppBuild.targets(299,5): warning MSB8004: Output 目录未以斜杠结尾。此生成实例将添加斜杠，因为必须有这个斜杠才能正确计算 Output 目录。
       InitializeBuildStatus:
         正在创建“Debug\PushNotificationServer.unsuccessfulbuild”，因为已指定“AlwaysCreate”。
       ClCompile:
         C:\Program Files\Microsoft Visual Studio 10.0\VC\bin\CL.exe /c /I../../Common /I../../Common/NetLib /I../../Common/pthreadLib /I./openssl_lib/include /ZI /nologo /W3 /WX- /Od /Oy- /D WIN32 /D _DEBUG /D _CONSOLE /D _UNICODE /D UNICODE /Gm /EHsc /RTC1 /MDd /GS /fp:precise /Zc:wchar_t /Zc:forScope /Fo"Debug\\" /Fd"Debug\vc100.pdb" /Gd /TP /analyze- /errorReport:prompt ..\..\Common\ConfigReader.cpp ..\..\Common\IConfigFile.cpp ..\..\Common\LogManager.cpp ..\..\Common\mutex.cpp ..\..\Common\ServerConfig.cpp ..\..\Common\ServerNetwork.cpp ..\..\Common\ThreadMod.cpp ..\..\Common\Utility.cpp src\main.cpp src\PushNotificationServer.cpp src\PushNotificationThread.cpp src\PushRequestQueue.cpp
         PushRequestQueue.cpp
         PushNotificationThread.cpp
         PushNotificationServer.cpp
     1>d:\newproject\common\configreader.h : warning C4819: 该文件包含不能在当前代码页(936)中表示的字符。请将该文件保存为 Unicode 格式以防止数据丢失
         main.cpp
     1>d:\newproject\common\configreader.h : warning C4819: 该文件包含不能在当前代码页(936)中表示的字符。请将该文件保存为 Unicode 格式以防止数据丢失
         Utility.cpp
     1>d:\newproject\common\utility.cpp : warning C4819: 该文件包含不能在当前代码页(936)中表示的字符。请将该文件保存为 Unicode 格式以防止数据丢失
     1>d:\newproject\common\utility.cpp(49): warning C4996: 'sprintf': This function or variable may be unsafe. Consider using sprintf_s instead. To disable deprecation, use _CRT_SECURE_NO_WARNINGS. See online help for details.
                 c:\program files\microsoft visual studio 10.0\vc\include\stdio.h(371) : 参见“sprintf”的声明
     1>d:\newproject\common\utility.cpp(53): warning C4996: 'sprintf': This function or variable may be unsafe. Consider using sprintf_s instead. To disable deprecation, use _CRT_SECURE_NO_WARNINGS. See online help for details.
                 c:\program files\microsoft visual studio 10.0\vc\include\stdio.h(371) : 参见“sprintf”的声明
         ThreadMod.cpp
         ServerNetwork.cpp
         ServerConfig.cpp
     1>d:\newproject\common\configreader.h : warning C4819: 该文件包含不能在当前代码页(936)中表示的字符。请将该文件保存为 Unicode 格式以防止数据丢失
         mutex.cpp
         LogManager.cpp
         IConfigFile.cpp
     1>d:\newproject\common\configreader.h : warning C4819: 该文件包含不能在当前代码页(936)中表示的字符。请将该文件保存为 Unicode 格式以防止数据丢失
         ConfigReader.cpp
     1>d:\newproject\common\configreader.cpp : warning C4819: 该文件包含不能在当前代码页(936)中表示的字符。请将该文件保存为 Unicode 格式以防止数据丢失
         正在生成代码...
       Link:
         C:\Program Files\Microsoft Visual Studio 10.0\VC\bin\link.exe /ERRORREPORT:PROMPT /OUT:"../Bin/ServerBin\PushNotificationServer.exe" /INCREMENTAL /NOLOGO /LIBPATH:../Bin/Lib /LIBPATH:./openssl_lib/lib RakNetDLL.lib pthreadVC2.lib libeay32.lib ssleay32.lib kernel32.lib user32.lib gdi32.lib winspool.lib comdlg32.lib advapi32.lib shell32.lib ole32.lib oleaut32.lib uuid.lib odbc32.lib odbccp32.lib /MANIFEST /ManifestFile:"Debug\PushNotificationServer.exe.intermediate.manifest" /MANIFESTUAC:"level='asInvoker' uiAccess='false'" /DEBUG /PDB:"D:\NewProject\Server\Bin\ServerBin\PushNotificationServer.pdb" /SUBSYSTEM:CONSOLE /TLBID:1 /DYNAMICBASE /NXCOMPAT /IMPLIB:"../Bin/ServerBin\PushNotificationServer.lib" /MACHINE:X86 Debug\ConfigReader.obj
         Debug\IConfigFile.obj
         Debug\LogManager.obj
         Debug\mutex.obj
         Debug\ServerConfig.obj
         Debug\ServerNetwork.obj
         Debug\ThreadMod.obj
         Debug\Utility.obj
         Debug\main.obj
         Debug\PushNotificationServer.obj
         Debug\PushNotificationThread.obj
         Debug\PushRequestQueue.obj
         PushNotificationServer.vcxproj -> D:\NewProject\Server\PushNotificationServer\../Bin/ServerBin\PushNotificationServer.exe
       Manifest:
         C:\Program Files\Microsoft SDKs\Windows\v7.0A\bin\mt.exe /nologo /verbose /out:"D:\NewProject\Server\PushNotificationServer\../Bin/ServerBin\PushNotificationServer.exe.manifest" /manifest Debug\PushNotificationServer.exe.intermediate.manifest
       FinalizeBuildStatus:
         正在删除文件“Debug\PushNotificationServer.unsuccessfulbuild”。
         正在对“Debug\PushNotificationServer.lastbuildstate”执行 Touch 任务。
     1>已完成生成项目“D:\NewProject\Server\PushNotificationServer\PushNotificationServer.vcxproj”(rebuild 个目标)的操作。

生成成功。

已用时间 00:00:11.60
