../../ServerBin\PushNotificationServer.ilk
../../ServerBin\PushNotificationServer.pdb
E:\GitHub\Poker\Our__Poker\Server\PushNotificationServer\../../ServerBin\PushNotificationServer.exe
E:\GitHub\Poker\Our__Poker\Server\PushNotificationServer\Debug\cl.command.1.tlog
E:\GitHub\Poker\Our__Poker\Server\PushNotificationServer\Debug\CL.read.1.tlog
E:\GitHub\Poker\Our__Poker\Server\PushNotificationServer\Debug\CL.write.1.tlog
E:\GITHUB\POKER\OUR__POKER\SERVER\PUSHNOTIFICATIONSERVER\DEBUG\CONFIGREADER.OBJ
E:\GITHUB\POKER\OUR__POKER\SERVER\PUSHNOTIFICATIONSERVER\DEBUG\ICONFIGFILE.OBJ
E:\GitHub\Poker\Our__Poker\Server\PushNotificationServer\Debug\link.command.1.tlog
E:\GitHub\Poker\Our__Poker\Server\PushNotificationServer\Debug\link.read.1.tlog
E:\GitHub\Poker\Our__Poker\Server\PushNotificationServer\Debug\link.write.1.tlog
E:\GitHub\Poker\Our__Poker\Server\PushNotificationServer\Debug\link-cvtres.read.1.tlog
E:\GitHub\Poker\Our__Poker\Server\PushNotificationServer\Debug\link-cvtres.write.1.tlog
E:\GITHUB\POKER\OUR__POKER\SERVER\PUSHNOTIFICATIONSERVER\DEBUG\LOGMANAGER.OBJ
E:\GITHUB\POKER\OUR__POKER\SERVER\PUSHNOTIFICATIONSERVER\DEBUG\MAIN.OBJ
E:\GitHub\Poker\Our__Poker\Server\PushNotificationServer\Debug\mt.command.1.tlog
E:\GitHub\Poker\Our__Poker\Server\PushNotificationServer\Debug\mt.read.1.tlog
E:\GitHub\Poker\Our__Poker\Server\PushNotificationServer\Debug\mt.write.1.tlog
E:\GITHUB\POKER\OUR__POKER\SERVER\PUSHNOTIFICATIONSERVER\DEBUG\MUTEX.OBJ
E:\GITHUB\POKER\OUR__POKER\SERVER\PUSHNOTIFICATIONSERVER\DEBUG\PUSHNOTIFICATIONSERVER.EXE.EMBED.MANIFEST
E:\GITHUB\POKER\OUR__POKER\SERVER\PUSHNOTIFICATIONSERVER\DEBUG\PUSHNOTIFICATIONSERVER.EXE.EMBED.MANIFEST.RES
E:\GITHUB\POKER\OUR__POKER\SERVER\PUSHNOTIFICATIONSERVER\DEBUG\PUSHNOTIFICATIONSERVER.EXE.INTERMEDIATE.MANIFEST
E:\GITHUB\POKER\OUR__POKER\SERVER\PUSHNOTIFICATIONSERVER\DEBUG\PUSHNOTIFICATIONSERVER.OBJ
E:\GitHub\Poker\Our__Poker\Server\PushNotificationServer\Debug\PushNotificationServer_manifest.rc
E:\GITHUB\POKER\OUR__POKER\SERVER\PUSHNOTIFICATIONSERVER\DEBUG\PUSHNOTIFICATIONTHREAD.OBJ
E:\GITHUB\POKER\OUR__POKER\SERVER\PUSHNOTIFICATIONSERVER\DEBUG\PUSHREQUESTQUEUE.OBJ
E:\GitHub\Poker\Our__Poker\Server\PushNotificationServer\Debug\rc.command.1.tlog
E:\GitHub\Poker\Our__Poker\Server\PushNotificationServer\Debug\rc.read.1.tlog
E:\GitHub\Poker\Our__Poker\Server\PushNotificationServer\Debug\rc.write.1.tlog
E:\GITHUB\POKER\OUR__POKER\SERVER\PUSHNOTIFICATIONSERVER\DEBUG\SERVERCONFIG.OBJ
E:\GITHUB\POKER\OUR__POKER\SERVER\PUSHNOTIFICATIONSERVER\DEBUG\SERVERNETWORK.OBJ
E:\GITHUB\POKER\OUR__POKER\SERVER\PUSHNOTIFICATIONSERVER\DEBUG\THREADMOD.OBJ
E:\GITHUB\POKER\OUR__POKER\SERVER\PUSHNOTIFICATIONSERVER\DEBUG\UTILITY.OBJ
E:\GitHub\Poker\Our__Poker\Server\PushNotificationServer\Debug\vc100.idb
E:\GITHUB\POKER\OUR__POKER\SERVER\PUSHNOTIFICATIONSERVER\DEBUG\VC100.PDB
E:\GITHUB\POKER\OUR__POKER\SERVERBIN\PUSHNOTIFICATIONSERVER.EXE
E:\GITHUB\POKER\OUR__POKER\SERVERBIN\PUSHNOTIFICATIONSERVER.ILK
E:\GITHUB\POKER\OUR__POKER\SERVERBIN\PUSHNOTIFICATIONSERVER.PDB
