E:\GitHub\Poker\Our__Poker\Server\LoginServer\../../ServerBin\LoginServer.exe
E:\GitHub\Poker\Our__Poker\Server\LoginServer\Debug\cl.command.1.tlog
E:\GitHub\Poker\Our__Poker\Server\LoginServer\Debug\CL.read.1.tlog
E:\GitHub\Poker\Our__Poker\Server\LoginServer\Debug\CL.write.1.tlog
E:\GITHUB\POKER\OUR__POKER\SERVER\LOGINSERVER\DEBUG\CONFIGREADER.OBJ
E:\GitHub\Poker\Our__Poker\Server\LoginServer\Debug\link.command.1.tlog
E:\GitHub\Poker\Our__Poker\Server\LoginServer\Debug\link.read.1.tlog
E:\GitHub\Poker\Our__Poker\Server\LoginServer\Debug\link.write.1.tlog
E:\GITHUB\POKER\OUR__POKER\SERVER\LOGINSERVER\DEBUG\LOGINAPP.OBJ
E:\GITHUB\POKER\OUR__POKER\SERVER\LOGINSERVER\DEBUG\LOGINPEER.OBJ
E:\GITHUB\POKER\OUR__POKER\SERVER\LOGINSERVER\DEBUG\LOGINPEERMGR.OBJ
E:\GitHub\Poker\Our__Poker\Server\LoginServer\Debug\LoginServer.exe.embed.manifest
E:\GITHUB\POKER\OUR__POKER\SERVER\LOGINSERVER\DEBUG\LOGINSERVER.EXE.EMBED.MANIFEST.RES
E:\GitHub\Poker\Our__Poker\Server\LoginServer\Debug\LoginServer_manifest.rc
E:\GITHUB\POKER\OUR__POKER\SERVER\LOGINSERVER\DEBUG\LOGMANAGER.OBJ
E:\GITHUB\POKER\OUR__POKER\SERVER\LOGINSERVER\DEBUG\MAIN.OBJ
E:\GITHUB\POKER\OUR__POKER\SERVER\LOGINSERVER\DEBUG\NETWORKMANAGER.OBJ
E:\GitHub\Poker\Our__Poker\Server\LoginServer\Debug\rc.command.1.tlog
E:\GitHub\Poker\Our__Poker\Server\LoginServer\Debug\rc.read.1.tlog
E:\GitHub\Poker\Our__Poker\Server\LoginServer\Debug\rc.write.1.tlog
E:\GITHUB\POKER\OUR__POKER\SERVER\LOGINSERVER\DEBUG\TIMER.OBJ
E:\GITHUB\POKER\OUR__POKER\SERVER\LOGINSERVER\DEBUG\UTILITY.OBJ
E:\GitHub\Poker\Our__Poker\Server\LoginServer\Debug\vc100.idb
E:\GITHUB\POKER\OUR__POKER\SERVER\LOGINSERVER\DEBUG\VC100.PDB
