../../ServerBin\GateServer.ilk
../../ServerBin\GateServer.pdb
E:\GITHUB\POKER\SERVER\GATESERVER\DEBUG\CLIENTMANAGER.OBJ
E:\GITHUB\POKER\SERVER\GATESERVER\DEBUG\CONFIGREADER.OBJ
E:\GITHUB\POKER\SERVER\GATESERVER\DEBUG\GATECLIENT.OBJ
E:\GITHUB\POKER\SERVER\GATESERVER\DEBUG\GATESERVER.EXE.EMBED.MANIFEST
E:\GITHUB\POKER\SERVER\GATESERVER\DEBUG\GATESERVER.EXE.EMBED.MANIFEST.RES
E:\GITHUB\POKER\SERVER\GATESERVER\DEBUG\GATESERVER.OBJ
E:\GITHUB\POKER\SERVER\GATESERVER\DEBUG\LOGMANAGER.OBJ
E:\GITHUB\POKER\SERVER\GATESERVER\DEBUG\MAIN.OBJ
E:\GITHUB\POKER\SERVER\GATESERVER\DEBUG\SERVERNETWORK.OBJ
E:\GITHUB\POKER\SERVER\GATESERVER\DEBUG\TIMER.OBJ
E:\GITHUB\POKER\SERVER\GATESERVER\DEBUG\UTILITY.OBJ
E:\GITHUB\POKER\SERVER\GATESERVER\DEBUG\VC100.PDB
E:\MyProject\Server\GateServer\../../ServerBin\GateServer.exe
E:\MyProject\Server\GateServer\Debug\cl.command.1.tlog
E:\MyProject\Server\GateServer\Debug\CL.read.1.tlog
E:\MyProject\Server\GateServer\Debug\CL.write.1.tlog
E:\MYPROJECT\SERVER\GATESERVER\DEBUG\CLIENTMANAGER.OBJ
E:\MYPROJECT\SERVER\GATESERVER\DEBUG\CONFIGREADER.OBJ
E:\MYPROJECT\SERVER\GATESERVER\DEBUG\GATECLIENT.OBJ
E:\MyProject\Server\GateServer\Debug\GateServer.exe.embed.manifest
E:\MYPROJECT\SERVER\GATESERVER\DEBUG\GATESERVER.EXE.EMBED.MANIFEST.RES
E:\MYPROJECT\SERVER\GATESERVER\DEBUG\GATESERVER.EXE.INTERMEDIATE.MANIFEST
E:\MYPROJECT\SERVER\GATESERVER\DEBUG\GATESERVER.OBJ
E:\MyProject\Server\GateServer\Debug\GateServer_manifest.rc
E:\MyProject\Server\GateServer\Debug\link.command.1.tlog
E:\MyProject\Server\GateServer\Debug\link.read.1.tlog
E:\MyProject\Server\GateServer\Debug\link.write.1.tlog
E:\MyProject\Server\GateServer\Debug\link-cvtres.read.1.tlog
E:\MyProject\Server\GateServer\Debug\link-cvtres.write.1.tlog
E:\MYPROJECT\SERVER\GATESERVER\DEBUG\LOGMANAGER.OBJ
E:\MYPROJECT\SERVER\GATESERVER\DEBUG\MAIN.OBJ
E:\MyProject\Server\GateServer\Debug\mt.command.1.tlog
E:\MyProject\Server\GateServer\Debug\mt.read.1.tlog
E:\MyProject\Server\GateServer\Debug\mt.write.1.tlog
E:\MyProject\Server\GateServer\Debug\rc.command.1.tlog
E:\MyProject\Server\GateServer\Debug\rc.read.1.tlog
E:\MyProject\Server\GateServer\Debug\rc.write.1.tlog
E:\MYPROJECT\SERVER\GATESERVER\DEBUG\SERVERNETWORK.OBJ
E:\MYPROJECT\SERVER\GATESERVER\DEBUG\TIMER.OBJ
E:\MYPROJECT\SERVER\GATESERVER\DEBUG\UTILITY.OBJ
E:\MyProject\Server\GateServer\Debug\vc100.idb
E:\MYPROJECT\SERVER\GATESERVER\DEBUG\VC100.PDB
E:\MYPROJECT\SERVERBIN\GATESERVER.EXE
E:\MYPROJECT\SERVERBIN\GATESERVER.ILK
E:\MYPROJECT\SERVERBIN\GATESERVER.PDB
