生成启动时间为 2014/2/24 14:47:58。
     1>项目“E:\GitHub\TaxPoker\Server\GateServer\GateServer.vcxproj”在节点 4 上(build 个目标)。
     1>C:\Program Files\MSBuild\Microsoft.Cpp\v4.0\Microsoft.CppBuild.targets(299,5): warning MSB8004: Output 目录未以斜杠结尾。此生成实例将添加斜杠，因为必须有这个斜杠才能正确计算 Output 目录。
     1>InitializeBuildStatus:
         正在创建“Debug\GateServer.unsuccessfulbuild”，因为已指定“AlwaysCreate”。
       ClCompile:
         C:\Program Files\Microsoft Visual Studio 10.0\VC\bin\CL.exe /c /I../../Common /I../../Common/NetLib /ZI /nologo /W3 /WX- /Od /Oy- /D WIN32 /D _DEBUG /D _CONSOLE /D _UNICODE /D UNICODE /Gm /EHsc /RTC1 /MDd /GS /fp:precise /Zc:wchar_t /Zc:forScope /Fo"Debug\\" /Fd"Debug\vc100.pdb" /Gd /TP /analyze- /errorReport:prompt ..\..\Common\ServerConfig.cpp src\ClientManager.cpp src\GateClient.cpp src\GateServer.cpp src\main.cpp
         ServerConfig.cpp
     1>e:\github\taxpoker\common\configreader.h : warning C4819: 该文件包含不能在当前代码页(936)中表示的字符。请将该文件保存为 Unicode 格式以防止数据丢失
         正在生成代码...
         正在编译...
         main.cpp
     1>e:\github\taxpoker\common\configreader.h : warning C4819: 该文件包含不能在当前代码页(936)中表示的字符。请将该文件保存为 Unicode 格式以防止数据丢失
     1>e:\github\taxpoker\server\gateserver\src\main.cpp(16): warning C4996: 'scanf': This function or variable may be unsafe. Consider using scanf_s instead. To disable deprecation, use _CRT_SECURE_NO_WARNINGS. See online help for details.
                 c:\program files\microsoft visual studio 10.0\vc\include\stdio.h(304) : 参见“scanf”的声明
         GateServer.cpp
     1>e:\github\taxpoker\common\configreader.h : warning C4819: 该文件包含不能在当前代码页(936)中表示的字符。请将该文件保存为 Unicode 格式以防止数据丢失
         GateClient.cpp
     1>e:\github\taxpoker\common\configreader.h : warning C4819: 该文件包含不能在当前代码页(936)中表示的字符。请将该文件保存为 Unicode 格式以防止数据丢失
         ClientManager.cpp
     1>e:\github\taxpoker\common\configreader.h : warning C4819: 该文件包含不能在当前代码页(936)中表示的字符。请将该文件保存为 Unicode 格式以防止数据丢失
         正在生成代码...
       ManifestResourceCompile:
         所有输出均为最新。
       Link:
         C:\Program Files\Microsoft Visual Studio 10.0\VC\bin\link.exe /ERRORREPORT:PROMPT /OUT:"../../ServerBin\GateServer.exe" /INCREMENTAL /NOLOGO /LIBPATH:../../Lib RakNetDLL.lib kernel32.lib user32.lib gdi32.lib winspool.lib comdlg32.lib advapi32.lib shell32.lib ole32.lib oleaut32.lib uuid.lib odbc32.lib odbccp32.lib /MANIFEST /ManifestFile:"Debug\GateServer.exe.intermediate.manifest" /MANIFESTUAC:"level='asInvoker' uiAccess='false'" /DEBUG /PDB:"E:\GitHub\TaxPoker\ServerBin\GateServer.pdb" /SUBSYSTEM:CONSOLE /TLBID:1 /DYNAMICBASE /NXCOMPAT /IMPLIB:"../../ServerBin\GateServer.lib" /MACHINE:X86 Debug\GateServer.exe.embed.manifest.res
         Debug\ConfigReader.obj
         Debug\IConfigFile.obj
         Debug\LogManager.obj
         Debug\ServerConfig.obj
         Debug\ServerNetwork.obj
         Debug\Timer.obj
         Debug\Utility.obj
         Debug\ClientManager.obj
         Debug\GateClient.obj
         Debug\GateServer.obj
         Debug\main.obj
       Manifest:
         C:\Program Files\Microsoft SDKs\Windows\v7.0A\bin\mt.exe /nologo /verbose /out:"Debug\GateServer.exe.embed.manifest" /manifest Debug\GateServer.exe.intermediate.manifest
         所有输出均为最新。
       LinkEmbedManifest:
         所有输出均为最新。
         GateServer.vcxproj -> E:\GitHub\TaxPoker\Server\GateServer\../../ServerBin\GateServer.exe
       FinalizeBuildStatus:
         正在删除文件“Debug\GateServer.unsuccessfulbuild”。
         正在对“Debug\GateServer.lastbuildstate”执行 Touch 任务。
     1>已完成生成项目“E:\GitHub\TaxPoker\Server\GateServer\GateServer.vcxproj”(build 个目标)的操作。

生成成功。

已用时间 00:00:09.49
