../../ServerBin\DBServer.ilk
../../ServerBin\DBServer.pdb
E:\GitHub\Poker\Our__Poker\Server\DBServer\../../ServerBin\DBServer.exe
E:\GitHub\Poker\Our__Poker\Server\DBServer\Debug\cl.command.1.tlog
E:\GitHub\Poker\Our__Poker\Server\DBServer\Debug\CL.read.1.tlog
E:\GitHub\Poker\Our__Poker\Server\DBServer\Debug\CL.write.1.tlog
E:\GITHUB\POKER\OUR__POKER\SERVER\DBSERVER\DEBUG\CONFIGREADER.OBJ
E:\GITHUB\POKER\OUR__POKER\SERVER\DBSERVER\DEBUG\DATABASETHREAD.OBJ
E:\GITHUB\POKER\OUR__POKER\SERVER\DBSERVER\DEBUG\DBAPP.OBJ
E:\GITHUB\POKER\OUR__POKER\SERVER\DBSERVER\DEBUG\DBMANAGER.OBJ
E:\GITHUB\POKER\OUR__POKER\SERVER\DBSERVER\DEBUG\DBREQUEST.OBJ
E:\GITHUB\POKER\OUR__POKER\SERVER\DBSERVER\DEBUG\DBSERVER.EXE.EMBED.MANIFEST
E:\GITHUB\POKER\OUR__POKER\SERVER\DBSERVER\DEBUG\DBSERVER.EXE.EMBED.MANIFEST.RES
E:\GITHUB\POKER\OUR__POKER\SERVER\DBSERVER\DEBUG\DBSERVER.EXE.INTERMEDIATE.MANIFEST
E:\GitHub\Poker\Our__Poker\Server\DBServer\Debug\DBServer_manifest.rc
E:\GitHub\Poker\Our__Poker\Server\DBServer\Debug\link.7816.read.1.tlog
E:\GitHub\Poker\Our__Poker\Server\DBServer\Debug\link.7816.write.1.tlog
E:\GitHub\Poker\Our__Poker\Server\DBServer\Debug\link.7816-cvtres.read.1.tlog
E:\GitHub\Poker\Our__Poker\Server\DBServer\Debug\link.7816-cvtres.write.1.tlog
E:\GitHub\Poker\Our__Poker\Server\DBServer\Debug\link.8408.read.1.tlog
E:\GitHub\Poker\Our__Poker\Server\DBServer\Debug\link.8408.write.1.tlog
E:\GitHub\Poker\Our__Poker\Server\DBServer\Debug\link.8408-cvtres.read.1.tlog
E:\GitHub\Poker\Our__Poker\Server\DBServer\Debug\link.8408-cvtres.write.1.tlog
E:\GitHub\Poker\Our__Poker\Server\DBServer\Debug\link.command.1.tlog
E:\GitHub\Poker\Our__Poker\Server\DBServer\Debug\link.read.1.tlog
E:\GitHub\Poker\Our__Poker\Server\DBServer\Debug\link.write.1.tlog
E:\GitHub\Poker\Our__Poker\Server\DBServer\Debug\link-cvtres.read.1.tlog
E:\GitHub\Poker\Our__Poker\Server\DBServer\Debug\link-cvtres.write.1.tlog
E:\GITHUB\POKER\OUR__POKER\SERVER\DBSERVER\DEBUG\LOGMANAGER.OBJ
E:\GITHUB\POKER\OUR__POKER\SERVER\DBSERVER\DEBUG\MAIN.OBJ
E:\GitHub\Poker\Our__Poker\Server\DBServer\Debug\mt.command.1.tlog
E:\GitHub\Poker\Our__Poker\Server\DBServer\Debug\mt.read.1.tlog
E:\GitHub\Poker\Our__Poker\Server\DBServer\Debug\mt.write.1.tlog
E:\GITHUB\POKER\OUR__POKER\SERVER\DBSERVER\DEBUG\MUTEX.OBJ
E:\GITHUB\POKER\OUR__POKER\SERVER\DBSERVER\DEBUG\MYSQLDATA.OBJ
E:\GitHub\Poker\Our__Poker\Server\DBServer\Debug\rc.command.1.tlog
E:\GitHub\Poker\Our__Poker\Server\DBServer\Debug\rc.read.1.tlog
E:\GitHub\Poker\Our__Poker\Server\DBServer\Debug\rc.write.1.tlog
E:\GITHUB\POKER\OUR__POKER\SERVER\DBSERVER\DEBUG\SEM.OBJ
E:\GITHUB\POKER\OUR__POKER\SERVER\DBSERVER\DEBUG\SERVERNETWORK.OBJ
E:\GITHUB\POKER\OUR__POKER\SERVER\DBSERVER\DEBUG\THREADMOD.OBJ
E:\GITHUB\POKER\OUR__POKER\SERVER\DBSERVER\DEBUG\UTILITY.OBJ
E:\GitHub\Poker\Our__Poker\Server\DBServer\Debug\vc100.idb
E:\GITHUB\POKER\OUR__POKER\SERVER\DBSERVER\DEBUG\VC100.PDB
E:\GITHUB\POKER\OUR__POKER\SERVERBIN\DBSERVER.EXE
E:\GITHUB\POKER\OUR__POKER\SERVERBIN\DBSERVER.ILK
E:\GITHUB\POKER\OUR__POKER\SERVERBIN\DBSERVER.PDB
