生成启动时间为 2014/7/18 10:44:41。
     1>项目“D:\NewProject\Server\PushNotificationServer\PushNotificationServer.vcxproj”在节点 3 上(rebuild 个目标)。
     1>_PrepareForClean:
         正在删除文件“Release\PushNotificationServer.lastbuildstate”。
     1>C:\Program Files\MSBuild\Microsoft.Cpp\v4.0\Microsoft.CppBuild.targets(299,5): warning MSB8004: Output 目录未以斜杠结尾。此生成实例将添加斜杠，因为必须有这个斜杠才能正确计算 Output 目录。
       InitializeBuildStatus:
         正在创建“Release\PushNotificationServer.unsuccessfulbuild”，因为已指定“AlwaysCreate”。
       ClCompile:
         C:\Program Files\Microsoft Visual Studio 10.0\VC\bin\CL.exe /c /I../../Common /I../../Common/NetLib /I../../Common/pthreadLib /I./openssl_lib/include /Zi /nologo /W3 /WX- /O2 /Oi /Oy- /GL /D WIN32 /D NDEBUG /D _CONSOLE /D _UNICODE /D UNICODE /Gm- /EHsc /MD /GS /Gy /fp:precise /Zc:wchar_t /Zc:forScope /Fo"Release\\" /Fd"Release\vc100.pdb" /Gd /TP /analyze- /errorReport:prompt ..\..\Common\ConfigReader.cpp ..\..\Common\IConfigFile.cpp ..\..\Common\LogManager.cpp ..\..\Common\mutex.cpp ..\..\Common\ServerConfig.cpp ..\..\Common\ServerNetwork.cpp ..\..\Common\ThreadMod.cpp ..\..\Common\Utility.cpp src\main.cpp src\PushNotificationServer.cpp src\PushNotificationThread.cpp src\PushRequestQueue.cpp
         ConfigReader.cpp
     1>..\..\Common\ConfigReader.cpp : warning C4819: 该文件包含不能在当前代码页(936)中表示的字符。请将该文件保存为 Unicode 格式以防止数据丢失
         IConfigFile.cpp
     1>d:\newproject\common\ConfigReader.h : warning C4819: 该文件包含不能在当前代码页(936)中表示的字符。请将该文件保存为 Unicode 格式以防止数据丢失
         LogManager.cpp
         mutex.cpp
         ServerConfig.cpp
     1>d:\newproject\common\ConfigReader.h : warning C4819: 该文件包含不能在当前代码页(936)中表示的字符。请将该文件保存为 Unicode 格式以防止数据丢失
         ServerNetwork.cpp
         ThreadMod.cpp
         Utility.cpp
     1>..\..\Common\Utility.cpp : warning C4819: 该文件包含不能在当前代码页(936)中表示的字符。请将该文件保存为 Unicode 格式以防止数据丢失
     1>..\..\Common\Utility.cpp(49): warning C4996: 'sprintf': This function or variable may be unsafe. Consider using sprintf_s instead. To disable deprecation, use _CRT_SECURE_NO_WARNINGS. See online help for details.
                 C:\Program Files\Microsoft Visual Studio 10.0\VC\include\stdio.h(371) : 参见“sprintf”的声明
     1>..\..\Common\Utility.cpp(53): warning C4996: 'sprintf': This function or variable may be unsafe. Consider using sprintf_s instead. To disable deprecation, use _CRT_SECURE_NO_WARNINGS. See online help for details.
                 C:\Program Files\Microsoft Visual Studio 10.0\VC\include\stdio.h(371) : 参见“sprintf”的声明
         main.cpp
     1>d:\newproject\common\ConfigReader.h : warning C4819: 该文件包含不能在当前代码页(936)中表示的字符。请将该文件保存为 Unicode 格式以防止数据丢失
         PushNotificationServer.cpp
     1>d:\newproject\common\ConfigReader.h : warning C4819: 该文件包含不能在当前代码页(936)中表示的字符。请将该文件保存为 Unicode 格式以防止数据丢失
         PushNotificationThread.cpp
         PushRequestQueue.cpp
       Link:
         C:\Program Files\Microsoft Visual Studio 10.0\VC\bin\link.exe /ERRORREPORT:PROMPT /OUT:"../Bin/ServerRelease\PushNotificationServer.exe" /INCREMENTAL:NO /NOLOGO /LIBPATH:../Bin/Lib /LIBPATH:./openssl_lib/lib RakNetDLL.lib pthreadVC2.lib libeay32.lib ssleay32.lib kernel32.lib user32.lib gdi32.lib winspool.lib comdlg32.lib advapi32.lib shell32.lib ole32.lib oleaut32.lib uuid.lib odbc32.lib odbccp32.lib /MANIFEST /ManifestFile:"Release\PushNotificationServer.exe.intermediate.manifest" /MANIFESTUAC:"level='asInvoker' uiAccess='false'" /DEBUG /PDB:"D:\NewProject\Server\Bin\ServerRelease\PushNotificationServer.pdb" /SUBSYSTEM:CONSOLE /OPT:REF /OPT:ICF /LTCG /TLBID:1 /DYNAMICBASE /NXCOMPAT /IMPLIB:"../Bin/ServerRelease\PushNotificationServer.lib" /MACHINE:X86 Release\ConfigReader.obj
         Release\IConfigFile.obj
         Release\LogManager.obj
         Release\mutex.obj
         Release\ServerConfig.obj
         Release\ServerNetwork.obj
         Release\ThreadMod.obj
         Release\Utility.obj
         Release\main.obj
         Release\PushNotificationServer.obj
         Release\PushNotificationThread.obj
         Release\PushRequestQueue.obj
         正在生成代码
         已完成代码的生成
         PushNotificationServer.vcxproj -> D:\NewProject\Server\PushNotificationServer\../Bin/ServerRelease\PushNotificationServer.exe
       Manifest:
         C:\Program Files\Microsoft SDKs\Windows\v7.0A\bin\mt.exe /nologo /verbose /out:"D:\NewProject\Server\PushNotificationServer\../Bin/ServerRelease\PushNotificationServer.exe.manifest" /manifest Release\PushNotificationServer.exe.intermediate.manifest
       FinalizeBuildStatus:
         正在删除文件“Release\PushNotificationServer.unsuccessfulbuild”。
         正在对“Release\PushNotificationServer.lastbuildstate”执行 Touch 任务。
     1>已完成生成项目“D:\NewProject\Server\PushNotificationServer\PushNotificationServer.vcxproj”(rebuild 个目标)的操作。

生成成功。

已用时间 00:00:09.19
