生成启动时间为 2013/12/23 10:31:18。
     1>项目“E:\GitHub\Poker\Our__Poker\Server\LoginServer\LoginServer.vcxproj”在节点 4 上(build 个目标)。
     1>C:\Program Files\MSBuild\Microsoft.Cpp\v4.0\Microsoft.CppBuild.targets(299,5): warning MSB8004: Output 目录未以斜杠结尾。此生成实例将添加斜杠，因为必须有这个斜杠才能正确计算 Output 目录。
     1>InitializeBuildStatus:
         正在创建“Release\LoginServer.unsuccessfulbuild”，因为已指定“AlwaysCreate”。
       ClCompile:
         C:\Program Files\Microsoft Visual Studio 10.0\VC\bin\CL.exe /c /I../../Common/NetLib /I../../Common /Zi /nologo /W3 /WX- /O2 /Oi /Oy- /GL /D WIN32 /D NDEBUG /D _CONSOLE /D _MBCS /Gm- /EHsc /MD /GS /Gy /fp:precise /Zc:wchar_t /Zc:forScope /Fo"Release\\" /Fd"Release\vc100.pdb" /Gd /TP /analyze- /errorReport:prompt ..\..\Common\NetWorkManager.cpp src\LoginApp.cpp src\LoginPeerMgr.cpp
         NetWorkManager.cpp
     1>..\..\Common\NetWorkManager.cpp(198): warning C4800: “uint32_t”: 将值强制为布尔值“true”或“false”(性能警告)
     1>..\..\Common\NetWorkManager.cpp(205): warning C4800: “uint32_t”: 将值强制为布尔值“true”或“false”(性能警告)
         LoginApp.cpp
     1>e:\github\poker\our__poker\common\ConfigReader.h : warning C4819: 该文件包含不能在当前代码页(936)中表示的字符。请将该文件保存为 Unicode 格式以防止数据丢失
         LoginPeerMgr.cpp
     1>e:\github\poker\our__poker\common\ConfigReader.h : warning C4819: 该文件包含不能在当前代码页(936)中表示的字符。请将该文件保存为 Unicode 格式以防止数据丢失
       Link:
         C:\Program Files\Microsoft Visual Studio 10.0\VC\bin\link.exe /ERRORREPORT:PROMPT /OUT:"../../ServerRelease\LoginServer.exe" /INCREMENTAL:NO /NOLOGO /LIBPATH:../../Lib RakNetDLL.lib kernel32.lib user32.lib gdi32.lib winspool.lib comdlg32.lib advapi32.lib shell32.lib ole32.lib oleaut32.lib uuid.lib odbc32.lib odbccp32.lib /MANIFEST /ManifestFile:"Release\LoginServer.exe.intermediate.manifest" /MANIFESTUAC:"level='asInvoker' uiAccess='false'" /DEBUG /PDB:"E:\GitHub\Poker\Our__Poker\ServerRelease\LoginServer.pdb" /SUBSYSTEM:CONSOLE /OPT:REF /OPT:ICF /LTCG /TLBID:1 /DYNAMICBASE /NXCOMPAT /IMPLIB:"../../ServerRelease\LoginServer.lib" /MACHINE:X86 Release\ConfigReader.obj
         Release\IConfigFile.obj
         Release\LogManager.obj
         Release\NetWorkManager.obj
         Release\ServerConfig.obj
         Release\Timer.obj
         Release\Utility.obj
         Release\LoginApp.obj
         Release\LoginPeer.obj
         Release\LoginPeerMgr.obj
         Release\main.obj
         正在生成代码
         已完成代码的生成
         LoginServer.vcxproj -> E:\GitHub\Poker\Our__Poker\Server\LoginServer\../../ServerRelease\LoginServer.exe
       Manifest:
         C:\Program Files\Microsoft SDKs\Windows\v7.0A\bin\mt.exe /nologo /verbose /outputresource:"../../ServerRelease\LoginServer.exe;#1" /manifest Release\LoginServer.exe.intermediate.manifest
       FinalizeBuildStatus:
         正在删除文件“Release\LoginServer.unsuccessfulbuild”。
         正在对“Release\LoginServer.lastbuildstate”执行 Touch 任务。
     1>已完成生成项目“E:\GitHub\Poker\Our__Poker\Server\LoginServer\LoginServer.vcxproj”(build 个目标)的操作。

生成成功。

已用时间 00:00:04.53
