../../ServerBin\VerifyServer.ilk
../../ServerBin\VerifyServer.pdb
E:\GitHub\Poker\Our__Poker\Server\VerifyServer\../../ServerBin\VerifyServer.exe
E:\GITHUB\POKER\OUR__POKER\SERVER\VERIFYSERVER\DEBUG\APPLEVERIFYMANAGER.OBJ
E:\GitHub\Poker\Our__Poker\Server\VerifyServer\Debug\cl.command.1.tlog
E:\GitHub\Poker\Our__Poker\Server\VerifyServer\Debug\CL.read.1.tlog
E:\GitHub\Poker\Our__Poker\Server\VerifyServer\Debug\CL.write.1.tlog
E:\GITHUB\POKER\OUR__POKER\SERVER\VERIFYSERVER\DEBUG\CONFIGREADER.OBJ
E:\GITHUB\POKER\OUR__POKER\SERVER\VERIFYSERVER\DEBUG\DATABASETHREAD.OBJ
E:\GITHUB\POKER\OUR__POKER\SERVER\VERIFYSERVER\DEBUG\DBREQUEST.OBJ
E:\GITHUB\POKER\OUR__POKER\SERVER\VERIFYSERVER\DEBUG\DBVERIFYMANAGER.OBJ
E:\GITHUB\POKER\OUR__POKER\SERVER\VERIFYSERVER\DEBUG\ICONFIGFILE.OBJ
E:\GITHUB\POKER\OUR__POKER\SERVER\VERIFYSERVER\DEBUG\JSON_READER.OBJ
E:\GITHUB\POKER\OUR__POKER\SERVER\VERIFYSERVER\DEBUG\JSON_VALUE.OBJ
E:\GITHUB\POKER\OUR__POKER\SERVER\VERIFYSERVER\DEBUG\JSON_WRITER.OBJ
E:\GitHub\Poker\Our__Poker\Server\VerifyServer\Debug\link.2548.read.1.tlog
E:\GitHub\Poker\Our__Poker\Server\VerifyServer\Debug\link.2548.write.1.tlog
E:\GitHub\Poker\Our__Poker\Server\VerifyServer\Debug\link.2548-cvtres.read.1.tlog
E:\GitHub\Poker\Our__Poker\Server\VerifyServer\Debug\link.2548-cvtres.write.1.tlog
E:\GitHub\Poker\Our__Poker\Server\VerifyServer\Debug\link.4036.read.1.tlog
E:\GitHub\Poker\Our__Poker\Server\VerifyServer\Debug\link.4036.write.1.tlog
E:\GitHub\Poker\Our__Poker\Server\VerifyServer\Debug\link.4036-cvtres.read.1.tlog
E:\GitHub\Poker\Our__Poker\Server\VerifyServer\Debug\link.4036-cvtres.write.1.tlog
E:\GitHub\Poker\Our__Poker\Server\VerifyServer\Debug\link.8952.read.1.tlog
E:\GitHub\Poker\Our__Poker\Server\VerifyServer\Debug\link.8952.write.1.tlog
E:\GitHub\Poker\Our__Poker\Server\VerifyServer\Debug\link.8952-cvtres.read.1.tlog
E:\GitHub\Poker\Our__Poker\Server\VerifyServer\Debug\link.8952-cvtres.write.1.tlog
E:\GitHub\Poker\Our__Poker\Server\VerifyServer\Debug\link.command.1.tlog
E:\GitHub\Poker\Our__Poker\Server\VerifyServer\Debug\link.read.1.tlog
E:\GitHub\Poker\Our__Poker\Server\VerifyServer\Debug\link.write.1.tlog
E:\GitHub\Poker\Our__Poker\Server\VerifyServer\Debug\link-cvtres.read.1.tlog
E:\GitHub\Poker\Our__Poker\Server\VerifyServer\Debug\link-cvtres.write.1.tlog
E:\GITHUB\POKER\OUR__POKER\SERVER\VERIFYSERVER\DEBUG\LOGMANAGER.OBJ
E:\GITHUB\POKER\OUR__POKER\SERVER\VERIFYSERVER\DEBUG\MAIN.OBJ
E:\GitHub\Poker\Our__Poker\Server\VerifyServer\Debug\mt.command.1.tlog
E:\GitHub\Poker\Our__Poker\Server\VerifyServer\Debug\mt.read.1.tlog
E:\GitHub\Poker\Our__Poker\Server\VerifyServer\Debug\mt.write.1.tlog
E:\GITHUB\POKER\OUR__POKER\SERVER\VERIFYSERVER\DEBUG\MUTEX.OBJ
E:\GITHUB\POKER\OUR__POKER\SERVER\VERIFYSERVER\DEBUG\MYSQLDATA.OBJ
E:\GitHub\Poker\Our__Poker\Server\VerifyServer\Debug\rc.command.1.tlog
E:\GitHub\Poker\Our__Poker\Server\VerifyServer\Debug\rc.read.1.tlog
E:\GitHub\Poker\Our__Poker\Server\VerifyServer\Debug\rc.write.1.tlog
E:\GITHUB\POKER\OUR__POKER\SERVER\VERIFYSERVER\DEBUG\SEM.OBJ
E:\GITHUB\POKER\OUR__POKER\SERVER\VERIFYSERVER\DEBUG\SERVERCONFIG.OBJ
E:\GITHUB\POKER\OUR__POKER\SERVER\VERIFYSERVER\DEBUG\SERVERNETWORK.OBJ
E:\GITHUB\POKER\OUR__POKER\SERVER\VERIFYSERVER\DEBUG\THREADMOD.OBJ
E:\GITHUB\POKER\OUR__POKER\SERVER\VERIFYSERVER\DEBUG\UTILITY.OBJ
E:\GitHub\Poker\Our__Poker\Server\VerifyServer\Debug\vc100.idb
E:\GITHUB\POKER\OUR__POKER\SERVER\VERIFYSERVER\DEBUG\VC100.PDB
E:\GITHUB\POKER\OUR__POKER\SERVER\VERIFYSERVER\DEBUG\VERIFYAPP.OBJ
E:\GITHUB\POKER\OUR__POKER\SERVER\VERIFYSERVER\DEBUG\VERIFYREQUEST.OBJ
E:\GitHub\Poker\Our__Poker\Server\VerifyServer\Debug\VerifyServer.exe.embed.manifest
E:\GITHUB\POKER\OUR__POKER\SERVER\VERIFYSERVER\DEBUG\VERIFYSERVER.EXE.EMBED.MANIFEST.RES
E:\GITHUB\POKER\OUR__POKER\SERVER\VERIFYSERVER\DEBUG\VERIFYSERVER.EXE.INTERMEDIATE.MANIFEST
E:\GitHub\Poker\Our__Poker\Server\VerifyServer\Debug\VerifyServer_manifest.rc
E:\GITHUB\POKER\OUR__POKER\SERVERBIN\VERIFYSERVER.EXE
E:\GITHUB\POKER\OUR__POKER\SERVERBIN\VERIFYSERVER.ILK
E:\GITHUB\POKER\OUR__POKER\SERVERBIN\VERIFYSERVER.PDB
E:\GITHUB\POKER\SERVER\VERIFYSERVER\DEBUG\APPLEVERIFYMANAGER.OBJ
E:\GITHUB\POKER\SERVER\VERIFYSERVER\DEBUG\DATABASETHREAD.OBJ
E:\GITHUB\POKER\SERVER\VERIFYSERVER\DEBUG\DBREQUEST.OBJ
E:\GITHUB\POKER\SERVER\VERIFYSERVER\DEBUG\DBVERIFYMANAGER.OBJ
E:\GITHUB\POKER\SERVER\VERIFYSERVER\DEBUG\JSON_READER.OBJ
E:\GITHUB\POKER\SERVER\VERIFYSERVER\DEBUG\JSON_VALUE.OBJ
E:\GITHUB\POKER\SERVER\VERIFYSERVER\DEBUG\JSON_WRITER.OBJ
E:\GITHUB\POKER\SERVER\VERIFYSERVER\DEBUG\LOGMANAGER.OBJ
E:\GITHUB\POKER\SERVER\VERIFYSERVER\DEBUG\MAIN.OBJ
E:\GITHUB\POKER\SERVER\VERIFYSERVER\DEBUG\MUTEX.OBJ
E:\GITHUB\POKER\SERVER\VERIFYSERVER\DEBUG\MYSQLDATA.OBJ
E:\GITHUB\POKER\SERVER\VERIFYSERVER\DEBUG\SEM.OBJ
E:\GITHUB\POKER\SERVER\VERIFYSERVER\DEBUG\SERVERNETWORK.OBJ
E:\GITHUB\POKER\SERVER\VERIFYSERVER\DEBUG\THREADMOD.OBJ
E:\GITHUB\POKER\SERVER\VERIFYSERVER\DEBUG\VC100.PDB
E:\GITHUB\POKER\SERVER\VERIFYSERVER\DEBUG\VERIFYAPP.OBJ
E:\GITHUB\POKER\SERVER\VERIFYSERVER\DEBUG\VERIFYREQUEST.OBJ
E:\GITHUB\POKER\SERVER\VERIFYSERVER\DEBUG\VERIFYSERVER.EXE.EMBED.MANIFEST
E:\GITHUB\POKER\SERVER\VERIFYSERVER\DEBUG\VERIFYSERVER.EXE.EMBED.MANIFEST.RES
E:\GITHUB\POKER\SERVER\VERIFYSERVER\DEBUG\VERIFYSERVER.EXE.INTERMEDIATE.MANIFEST
E:\GITHUB\POKER\SERVERBIN\VERIFYSERVER.EXE
E:\GITHUB\POKER\SERVERBIN\VERIFYSERVER.ILK
E:\GITHUB\POKER\SERVERBIN\VERIFYSERVER.PDB
E:\MYPROJECT\SERVER\VERIFYSERVER\DEBUG\APPLEVERIFYMANAGER.OBJ
E:\MYPROJECT\SERVER\VERIFYSERVER\DEBUG\DATABASETHREAD.OBJ
E:\MYPROJECT\SERVER\VERIFYSERVER\DEBUG\DBREQUEST.OBJ
E:\MYPROJECT\SERVER\VERIFYSERVER\DEBUG\DBVERIFYMANAGER.OBJ
E:\MYPROJECT\SERVER\VERIFYSERVER\DEBUG\JSON_READER.OBJ
E:\MYPROJECT\SERVER\VERIFYSERVER\DEBUG\JSON_VALUE.OBJ
E:\MYPROJECT\SERVER\VERIFYSERVER\DEBUG\JSON_WRITER.OBJ
E:\MYPROJECT\SERVER\VERIFYSERVER\DEBUG\LOGMANAGER.OBJ
E:\MYPROJECT\SERVER\VERIFYSERVER\DEBUG\MAIN.OBJ
E:\MYPROJECT\SERVER\VERIFYSERVER\DEBUG\MUTEX.OBJ
E:\MYPROJECT\SERVER\VERIFYSERVER\DEBUG\MYSQLDATA.OBJ
E:\MYPROJECT\SERVER\VERIFYSERVER\DEBUG\SEM.OBJ
E:\MYPROJECT\SERVER\VERIFYSERVER\DEBUG\SERVERNETWORK.OBJ
E:\MYPROJECT\SERVER\VERIFYSERVER\DEBUG\THREADMOD.OBJ
E:\MYPROJECT\SERVER\VERIFYSERVER\DEBUG\VC100.PDB
E:\MYPROJECT\SERVER\VERIFYSERVER\DEBUG\VERIFYAPP.OBJ
E:\MYPROJECT\SERVER\VERIFYSERVER\DEBUG\VERIFYREQUEST.OBJ
E:\MYPROJECT\SERVER\VERIFYSERVER\DEBUG\VERIFYSERVER.EXE.EMBED.MANIFEST.RES
E:\MYPROJECT\SERVER\VERIFYSERVER\DEBUG\VERIFYSERVER.EXE.INTERMEDIATE.MANIFEST
E:\MYPROJECT\SERVERBIN\VERIFYSERVER.EXE
E:\MYPROJECT\SERVERBIN\VERIFYSERVER.ILK
E:\MYPROJECT\SERVERBIN\VERIFYSERVER.PDB
