生成启动时间为 2014/2/24 14:47:46。
     1>项目“E:\GitHub\TaxPoker\Server\VerifyServer\VerifyServer.vcxproj”在节点 3 上(build 个目标)。
     1>C:\Program Files\MSBuild\Microsoft.Cpp\v4.0\Microsoft.CppBuild.targets(299,5): warning MSB8004: Output 目录未以斜杠结尾。此生成实例将添加斜杠，因为必须有这个斜杠才能正确计算 Output 目录。
     1>InitializeBuildStatus:
         正在创建“Debug\VerifyServer.unsuccessfulbuild”，因为已指定“AlwaysCreate”。
       ClCompile:
         C:\Program Files\Microsoft Visual Studio 10.0\VC\bin\CL.exe /c /I./src/ /I../../Common /I../DBServer/src /I../../Common/pthreadLib /I../../Common/NetLib /I../DBServer/src/include /ZI /nologo /W3 /WX- /Od /Oy- /D WIN32 /D _DEBUG /D _CONSOLE /D _UNICODE /D UNICODE /Gm /EHsc /RTC1 /MDd /GS /fp:precise /Zc:wchar_t /Zc:forScope /Fo"Debug\\" /Fd"Debug\vc100.pdb" /Gd /TP /analyze- /errorReport:prompt ..\..\Common\ServerConfig.cpp src\VerifyApp.cpp src\main.cpp
         ServerConfig.cpp
     1>e:\github\taxpoker\common\configreader.h : warning C4819: 该文件包含不能在当前代码页(936)中表示的字符。请将该文件保存为 Unicode 格式以防止数据丢失
         正在生成代码...
         正在编译...
         main.cpp
     1>e:\github\taxpoker\common\configreader.h : warning C4819: 该文件包含不能在当前代码页(936)中表示的字符。请将该文件保存为 Unicode 格式以防止数据丢失
         VerifyApp.cpp
     1>e:\github\taxpoker\common\configreader.h : warning C4819: 该文件包含不能在当前代码页(936)中表示的字符。请将该文件保存为 Unicode 格式以防止数据丢失
     1>e:\github\taxpoker\server\verifyserver\src\verifyapp.cpp(131): warning C4305: “=”: 从“int”到“unsigned char”截断
     1>e:\github\taxpoker\server\verifyserver\src\verifyapp.cpp(131): warning C4309: “=”: 截断常量值
         正在生成代码...
       ManifestResourceCompile:
         所有输出均为最新。
       Link:
         C:\Program Files\Microsoft Visual Studio 10.0\VC\bin\link.exe /ERRORREPORT:PROMPT /OUT:"../../ServerBin\VerifyServer.exe" /INCREMENTAL /NOLOGO /LIBPATH:../../Lib libmysql.lib pthreadVC2.lib libcurl_imp.lib RakNetDLL.lib kernel32.lib user32.lib gdi32.lib winspool.lib comdlg32.lib advapi32.lib shell32.lib ole32.lib oleaut32.lib uuid.lib odbc32.lib odbccp32.lib /MANIFEST /ManifestFile:"Debug\VerifyServer.exe.intermediate.manifest" /MANIFESTUAC:"level='asInvoker' uiAccess='false'" /DEBUG /PDB:"E:\GitHub\TaxPoker\ServerBin\VerifyServer.pdb" /SUBSYSTEM:CONSOLE /TLBID:1 /DYNAMICBASE /NXCOMPAT /IMPLIB:"../../ServerBin\VerifyServer.lib" /MACHINE:X86 Debug\VerifyServer.exe.embed.manifest.res
         Debug\ConfigReader.obj
         Debug\IConfigFile.obj
         Debug\LogManager.obj
         Debug\mutex.obj
         Debug\Sem.obj
         Debug\ServerConfig.obj
         Debug\ServerNetwork.obj
         Debug\ThreadMod.obj
         Debug\Utility.obj
         Debug\DataBaseThread.obj
         Debug\DBRequest.obj
         Debug\MySqlData.obj
         Debug\AppleVerifyManager.obj
         Debug\DBVerifyManager.obj
         Debug\json_reader.obj
         Debug\json_value.obj
         Debug\json_writer.obj
         Debug\main.obj
         Debug\VerifyApp.obj
         Debug\VerifyRequest.obj
       Manifest:
         C:\Program Files\Microsoft SDKs\Windows\v7.0A\bin\mt.exe /nologo /verbose /out:"Debug\VerifyServer.exe.embed.manifest" /manifest Debug\VerifyServer.exe.intermediate.manifest
         所有输出均为最新。
       LinkEmbedManifest:
         所有输出均为最新。
         VerifyServer.vcxproj -> E:\GitHub\TaxPoker\Server\VerifyServer\../../ServerBin\VerifyServer.exe
       FinalizeBuildStatus:
         正在删除文件“Debug\VerifyServer.unsuccessfulbuild”。
         正在对“Debug\VerifyServer.lastbuildstate”执行 Touch 任务。
     1>已完成生成项目“E:\GitHub\TaxPoker\Server\VerifyServer\VerifyServer.vcxproj”(build 个目标)的操作。

生成成功。

已用时间 00:00:10.43
